<?xml version="1.0" encoding="UTF-8"?>
<TestRun id="3fb41a70-21f6-42e3-b489-45222099e5d1" name="vers01@VERS01-W764 2012-02-29 16:36:52" runUser="CSGOMA\vers01" xmlns="http://microsoft.com/schemas/VisualStudio/TeamTest/2010">
  <TestSettings name="Local" id="3f75c7e0-fa2f-424c-8bbf-54f53cefcfd3">
    <Description>These are default test settings for a local test run.</Description>
    <Deployment enabled="false" runDeploymentRoot="vers01_VERS01-W764 2012-02-29 16_36_52">
      <DeploymentItem filename="D:\Projects\ShiftBriteArduino\Library\Moq.4.0.10827\NET40\Moq.dll" />
    </Deployment>
    <Execution>
      <TestTypeSpecific />
      <AgentRule name="Execution Agents">
      </AgentRule>
    </Execution>
  </TestSettings>
  <Times creation="2012-02-29T16:36:52.2394847-06:00" queuing="2012-02-29T16:36:52.2724847-06:00" start="2012-02-29T16:36:52.2844847-06:00" finish="2012-02-29T16:36:52.7144847-06:00" />
  <ResultSummary outcome="Completed">
    <Counters total="1" executed="1" passed="1" error="0" failed="0" timeout="0" aborted="0" inconclusive="0" passedButRunAborted="0" notRunnable="0" notExecuted="0" disconnected="0" warning="0" completed="0" inProgress="0" pending="0" />
  </ResultSummary>
  <TestDefinitions>
    <UnitTest name="SendpacketToBankZeroWritesDataToCorrectOutput" storage="d:\projects\shiftbritearduino\shiftbritearduino.unittest\bin\debug\shiftbritearduinotest.dll" id="1e60bddb-033d-77e8-16c6-0a1cf810dc91">
      <Execution id="e588e7d0-bbaa-45c5-8097-12bc3f6a7b77" />
      <TestMethod codeBase="D:/Projects/ShiftBriteArduino/ShiftBriteArduino.UnitTest/bin/Debug/ShiftBriteArduinoTest.DLL" adapterTypeName="Microsoft.VisualStudio.TestTools.TestTypes.Unit.UnitTestAdapter, Microsoft.VisualStudio.QualityTools.Tips.UnitTest.Adapter, Version=10.0.0.0, Culture=neutral, PublicKeyToken=b03f5f7f11d50a3a" className="ShiftBriteArduino.UnitTest.PortManagerTestFixture, ShiftBriteArduinoTest, Version=1.0.0.0, Culture=neutral, PublicKeyToken=null" name="SendpacketToBankZeroWritesDataToCorrectOutput" />
    </UnitTest>
  </TestDefinitions>
  <TestLists>
    <TestList name="Results Not in a List" id="8c84fa94-04c1-424b-9868-57a2d4851a1d" />
    <TestList name="All Loaded Results" id="19431567-8539-422a-85d7-44ee4e166bda" />
  </TestLists>
  <TestEntries>
    <TestEntry testId="1e60bddb-033d-77e8-16c6-0a1cf810dc91" executionId="e588e7d0-bbaa-45c5-8097-12bc3f6a7b77" testListId="8c84fa94-04c1-424b-9868-57a2d4851a1d" />
  </TestEntries>
  <Results>
    <UnitTestResult executionId="e588e7d0-bbaa-45c5-8097-12bc3f6a7b77" testId="1e60bddb-033d-77e8-16c6-0a1cf810dc91" testName="SendpacketToBankZeroWritesDataToCorrectOutput" computerName="VERS01-W764" duration="00:00:00.1530044" startTime="2012-02-29T16:36:52.2994847-06:00" endTime="2012-02-29T16:36:52.7024847-06:00" testType="13cdc9d9-ddb5-4fa4-a97d-d965ccfc6d4b" outcome="Passed" testListId="8c84fa94-04c1-424b-9868-57a2d4851a1d" relativeResultsDirectory="e588e7d0-bbaa-45c5-8097-12bc3f6a7b77">
    </UnitTestResult>
  </Results>
</TestRun>